0 info it worked if it ends with ok
1 verbose cli [ '/usr/local/Cellar/node/7.2.1/bin/node',
1 verbose cli   '/usr/local/bin/npm',
1 verbose cli   'run',
1 verbose cli   'lint' ]
2 info using npm@3.10.9
3 info using node@v7.2.1
4 verbose stack Error: ENOENT: no such file or directory, open '/Users/punit/Projects/LearnersGuild/package.json'
5 verbose cwd /Users/punit/Projects/LearnersGuild/sql-exercises/sql
6 error Darwin 15.5.0
7 error argv "/usr/local/Cellar/node/7.2.1/bin/node" "/usr/local/bin/npm" "run" "lint"
8 error node v7.2.1
9 error npm  v3.10.9
10 error path /Users/punit/Projects/LearnersGuild/package.json
11 error code ENOENT
12 error errno -2
13 error syscall open
14 error enoent ENOENT: no such file or directory, open '/Users/punit/Projects/LearnersGuild/package.json'
15 error enoent ENOENT: no such file or directory, open '/Users/punit/Projects/LearnersGuild/package.json'
15 error enoent This is most likely not a problem with npm itself
15 error enoent and is related to npm not being able to find a file.
16 verbose exit [ -2, true ]
